<?xml version="1.0" encoding="UTF-8"?>
<testng-results ignored="0" total="1" passed="1" failed="0" skipped="0">
  <reporter-output>
  </reporter-output>
  <suite started-at="2026-02-20T17:15:29 IST" name="Default suite" finished-at="2026-02-20T17:16:03 IST" duration-ms="34717">
    <groups>
    </groups>
    <test started-at="2026-02-20T17:15:29 IST" name="Default test" finished-at="2026-02-20T17:16:03 IST" duration-ms="34717">
      <class name="practiceScenarios.Amazon">
        <test-method signature="test1()[pri:0, instance:practiceScenarios.Amazon@799f10e1]" started-at="2026-02-20T17:15:29 IST" name="test1" finished-at="2026-02-20T17:16:03 IST" duration-ms="34656" status="PASS">
          <reporter-output>
          </reporter-output>
        </test-method> <!-- test1 -->
      </class> <!-- practiceScenarios.Amazon -->
    </test> <!-- Default test -->
  </suite> <!-- Default suite -->
</testng-results>
