<?xml version="1.0" encoding="UTF-8"?>
<testng-results ignored="0" total="1" passed="1" failed="0" skipped="0">
  <reporter-output>
  </reporter-output>
  <suite started-at="2026-04-03T16:03:26 IST" name="Default suite" finished-at="2026-04-03T16:03:34 IST" duration-ms="7913">
    <groups>
    </groups>
    <test started-at="2026-04-03T16:03:26 IST" name="Default test" finished-at="2026-04-03T16:03:34 IST" duration-ms="7913">
      <class name="com.TY.LeadGain.OrganizationModule.OrganizationPageIconTest">
        <test-method is-config="true" signature="beforeSuitConfig()[pri:0, instance:com.TY.LeadGain.OrganizationModule.OrganizationPageIconTest@1573f9fc]" started-at="2026-04-03T16:03:26 IST" name="beforeSuitConfig" finished-at="2026-04-03T16:03:26 IST" duration-ms="10" status="PASS">
          <reporter-output>
          </reporter-output>
        </test-method> <!-- beforeSuitConfig -->
        <test-method is-config="true" signature="beforeClassConfig(org.testng.xml.XmlTest)[pri:0, instance:com.TY.LeadGain.OrganizationModule.OrganizationPageIconTest@1573f9fc]" started-at="2026-04-03T16:03:26 IST" name="beforeClassConfig" finished-at="2026-04-03T16:03:28 IST" duration-ms="1858" status="PASS">
          <params>
            <param index="0">
              <value>
                <![CDATA[org.testng.xml.XmlTest@4ff59634]]>
              </value>
            </param>
          </params>
          <reporter-output>
          </reporter-output>
        </test-method> <!-- beforeClassConfig -->
        <test-method is-config="true" signature="beforeMethodConfig()[pri:0, instance:com.TY.LeadGain.OrganizationModule.OrganizationPageIconTest@1573f9fc]" started-at="2026-04-03T16:03:28 IST" name="beforeMethodConfig" finished-at="2026-04-03T16:03:30 IST" duration-ms="2086" status="PASS">
          <reporter-output>
          </reporter-output>
        </test-method> <!-- beforeMethodConfig -->
        <test-method signature="searchBoxDropDownTest()[pri:0, instance:com.TY.LeadGain.OrganizationModule.OrganizationPageIconTest@1573f9fc]" started-at="2026-04-03T16:03:30 IST" name="searchBoxDropDownTest" finished-at="2026-04-03T16:03:33 IST" duration-ms="2742" status="PASS">
          <reporter-output>
          </reporter-output>
        </test-method> <!-- searchBoxDropDownTest -->
        <test-method is-config="true" signature="afterMethodConfig()[pri:0, instance:com.TY.LeadGain.OrganizationModule.OrganizationPageIconTest@1573f9fc]" started-at="2026-04-03T16:03:33 IST" name="afterMethodConfig" finished-at="2026-04-03T16:03:34 IST" duration-ms="989" status="PASS">
          <reporter-output>
          </reporter-output>
        </test-method> <!-- afterMethodConfig -->
        <test-method is-config="true" signature="afterClassConfig()[pri:0, instance:com.TY.LeadGain.OrganizationModule.OrganizationPageIconTest@1573f9fc]" started-at="2026-04-03T16:03:34 IST" name="afterClassConfig" finished-at="2026-04-03T16:03:34 IST" duration-ms="199" status="PASS">
          <reporter-output>
          </reporter-output>
        </test-method> <!-- afterClassConfig -->
        <test-method is-config="true" signature="AfterSuiteConfig()[pri:0, instance:com.TY.LeadGain.OrganizationModule.OrganizationPageIconTest@1573f9fc]" started-at="2026-04-03T16:03:34 IST" name="AfterSuiteConfig" finished-at="2026-04-03T16:03:34 IST" duration-ms="2" status="PASS">
          <reporter-output>
          </reporter-output>
        </test-method> <!-- AfterSuiteConfig -->
      </class> <!-- com.TY.LeadGain.OrganizationModule.OrganizationPageIconTest -->
    </test> <!-- Default test -->
  </suite> <!-- Default suite -->
</testng-results>
