<?xml version="1.0" encoding="UTF-8"?>
<!-- Generated by org.testng.reporters.JUnitReportReporter -->
<testsuite hostname="TYSS-Afzaul-Haque" failures="0" tests="1" name="com.TY.LeadGain.OrganizationModule.OrganizationPageIconTest" time="128.790" errors="0" timestamp="2026-04-02T15:19:21 IST" skipped="0">
  <testcase classname="com.TY.LeadGain.OrganizationModule.OrganizationPageIconTest" name="verifyClockCityDropDownListSelection" time="128.790"/>
</testsuite> <!-- com.TY.LeadGain.OrganizationModule.OrganizationPageIconTest -->
