<?xml version="1.0" encoding="UTF-8"?>
<!-- Generated by org.testng.reporters.JUnitReportReporter -->
<testsuite hostname="TYSS-Afzaul-Haque" failures="0" tests="7" name="com.LeadGain.TY.Login.LoginTest" time="13.833" errors="0" timestamp="2026-04-02T10:39:34 IST" skipped="0">
  <testcase classname="com.LeadGain.TY.Login.LoginTest" name="loginWithValidCredentialTest" time="7.890"/>
  <testcase classname="com.LeadGain.TY.Login.LoginTest" name="loginWithInvalidCredentialTest" time="1.030"/>
  <testcase classname="com.LeadGain.TY.Login.LoginTest" name="loginWithInvalidCredentialTest" time="0.839"/>
  <testcase classname="com.LeadGain.TY.Login.LoginTest" name="loginWithInvalidCredentialTest" time="1.454"/>
  <testcase classname="com.LeadGain.TY.Login.LoginTest" name="loginWithInvalidCredentialTest" time="0.848"/>
  <testcase classname="com.LeadGain.TY.Login.LoginTest" name="loginWithInvalidCredentialTest" time="0.908"/>
  <testcase classname="com.LeadGain.TY.Login.LoginTest" name="loginWithInvalidCredentialTest" time="0.864"/>
</testsuite> <!-- com.LeadGain.TY.Login.LoginTest -->
