<?xml version="1.0" encoding="UTF-8"?>
<!-- Generated by org.testng.reporters.JUnitReportReporter -->
<testsuite hostname="TYSS-Afzaul-Haque" failures="0" tests="4" name="com.client.LeadGain.Register.RetryTest" time="0.020" errors="0" timestamp="2026-02-17T13:04:20 IST" skipped="3">
  <testcase classname="com.client.LeadGain.Register.RetryTest" name="retryTestMethod" time="0.002">
    <skipped/>
  </testcase> <!-- retryTestMethod -->
  <testcase classname="com.client.LeadGain.Register.RetryTest" name="retryTestMethod" time="0.015">
    <skipped/>
  </testcase> <!-- retryTestMethod -->
  <testcase classname="com.client.LeadGain.Register.RetryTest" name="retryTestMethod" time="0.002">
    <skipped/>
  </testcase> <!-- retryTestMethod -->
  <testcase classname="com.client.LeadGain.Register.RetryTest" name="retryTestMethod" time="0.001"/>
</testsuite> <!-- com.client.LeadGain.Register.RetryTest -->
