<?xml version="1.0" encoding="UTF-8"?>
<!-- Generated by org.testng.reporters.JUnitReportReporter -->
<testsuite hostname="TYSS-Afzaul-Haque" failures="0" tests="1" name="com.TY.LeadGain.OrganizationModule.OrganizationPageIconTest" time="5.817" errors="0" timestamp="2026-04-03T16:03:34 IST" skipped="0">
  <testcase classname="com.TY.LeadGain.OrganizationModule.OrganizationPageIconTest" name="searchBoxDropDownTest" time="5.817"/>
</testsuite> <!-- com.TY.LeadGain.OrganizationModule.OrganizationPageIconTest -->
