<?xml version="1.0" encoding="UTF-8"?>
<!-- Generated by org.testng.reporters.JUnitReportReporter -->
<testsuite hostname="TYSS-Afzaul-Haque" failures="0" tests="1" name="com.TY.LeadGain.OrganizationModule.SearchOrganizationTest" time="32.408" errors="0" timestamp="2026-04-06T17:33:32 IST" skipped="0">
  <testcase classname="com.TY.LeadGain.OrganizationModule.SearchOrganizationTest" name="searchOrgWithAlphabetOptionsTest" time="32.408"/>
</testsuite> <!-- com.TY.LeadGain.OrganizationModule.SearchOrganizationTest -->
