<?xml version="1.0" encoding="UTF-8"?>
<!-- Generated by org.testng.reporters.JUnitReportReporter -->
<testsuite hostname="TYSS-Afzaul-Haque" failures="0" tests="2" name="com.TY.LeadGain.OrganizationModule.OrganizationTest" time="8.602" errors="0" timestamp="2026-04-02T12:32:15 IST" skipped="0">
  <testcase classname="com.TY.LeadGain.OrganizationModule.OrganizationTest" name="verifySearchNowButtonVisibility" time="3.157"/>
  <testcase classname="com.TY.LeadGain.OrganizationModule.OrganizationTest" name="verifyCalendarPopupVisibility" time="5.445"/>
</testsuite> <!-- com.TY.LeadGain.OrganizationModule.OrganizationTest -->
