<?xml version="1.0" encoding="UTF-8"?>
<!-- Generated by org.testng.reporters.JUnitReportReporter -->
<testsuite hostname="TYSS-Afzaul-Haque" failures="0" tests="1" name="com.TY.LeadGain.OrganizationModule.OrganizationListUpdateTest" time="6.809" errors="0" timestamp="2026-04-03T10:35:08 IST" skipped="0">
  <testcase classname="com.TY.LeadGain.OrganizationModule.OrganizationListUpdateTest" name="massUpdateOrganizationList" time="6.809"/>
</testsuite> <!-- com.TY.LeadGain.OrganizationModule.OrganizationListUpdateTest -->
