<?xml version="1.0" encoding="UTF-8"?>
<!-- Generated by org.testng.reporters.JUnitXMLReporter -->
<testsuite ignored="0" hostname="TYSS-Afzaul-Haque" failures="2" tests="3" name="Test" time="150.943" errors="0" timestamp="2026-02-16T11:12:02 IST">
  <testcase classname="com.client.LeadGain.Register.LoginTest" name="excelTest" time="1.154"/>
  <testcase classname="com.client.LeadGain.Register.LoginTest" name="loginTest" time="0.017">
    <failure type="java.lang.AssertionError" message="expected [true] but found [false]">
      <![CDATA[java.lang.AssertionError: expected [true] but found [false]
at com.client.LeadGain.Register.LoginTest.loginTest(LoginTest.java:31)
at java.base/java.util.ArrayList.forEach(ArrayList.java:1596)
... Removed 32 stack frames]]>
    </failure>
  </testcase> <!-- loginTest -->
  <testcase classname="com.client.LeadGain.Register.OnlyApi" name="test1" time="0.002">
    <failure type="java.lang.AssertionError" message="expected [true] but found [false]">
      <![CDATA[java.lang.AssertionError: expected [true] but found [false]
at com.client.LeadGain.Register.OnlyApi.test1(OnlyApi.java:11)
at java.base/java.util.ArrayList.forEach(ArrayList.java:1596)
... Removed 32 stack frames]]>
    </failure>
  </testcase> <!-- test1 -->
</testsuite> <!-- Test -->
