<?xml version="1.0" encoding="UTF-8"?>
<!-- Generated by org.testng.reporters.JUnitXMLReporter -->
<testsuite ignored="3" hostname="TYSS-Afzaul-Haque" failures="0" tests="1" name="Default test" time="131.689" errors="0" timestamp="2026-04-02T15:19:21 IST">
  <testcase classname="com.TY.LeadGain.OrganizationModule.OrganizationPageIconTest" name="verifyClockCityDropDownListSelection" time="125.227"/>
  <testcase classname="com.TY.LeadGain.OrganizationModule.OrganizationPageIconTest" name="verifySearchNowButtonVisibility" time="0.0">
    <ignored/>
  </testcase> <!-- verifySearchNowButtonVisibility -->
  <testcase classname="com.TY.LeadGain.OrganizationModule.OrganizationPageIconTest" name="verifyCalendarPopupVisibility" time="0.0">
    <ignored/>
  </testcase> <!-- verifyCalendarPopupVisibility -->
  <testcase classname="com.TY.LeadGain.OrganizationModule.OrganizationPageIconTest" name="verifyClockPopupVisibility" time="0.0">
    <ignored/>
  </testcase> <!-- verifyClockPopupVisibility -->
</testsuite> <!-- Default test -->
